<?xml version="1.0" encoding="UTF-8"?>
<!-- Generated by org.testng.reporters.JUnitReportReporter -->
<testsuite hostname="DESKTOP-SJR51RF" name="crm.com.webtest.customerCare" tests="3" failures="0" timestamp="10 Oct 2017 01:41:30 GMT" time="15.504" errors="0">
  <testcase name="addCaseFour" time="5.622" classname="crm.com.webtest.customerCare"/>
  <testcase name="careLogin" time="0.410" classname="crm.com.webtest.customerCare"/>
  <testcase name="addCaseOne" time="9.472" classname="crm.com.webtest.customerCare"/>
</testsuite> <!-- crm.com.webtest.customerCare -->
