<?xml version="1.0" encoding="UTF-8"?>
<!-- Generated by org.testng.reporters.JUnitReportReporter -->
<testsuite hostname="DESKTOP-SJR51RF" name="crm.com.webtest.customerEditTest" tests="4" failures="0" timestamp="14 Oct 2017 10:34:02 GMT" time="23.429" errors="0">
  <testcase name="editSucessOne" time="13.631" classname="crm.com.webtest.customerEditTest"/>
  <testcase name="editCompare" time="1.045" classname="crm.com.webtest.customerEditTest"/>
  <testcase name="editSucessTwo" time="8.359" classname="crm.com.webtest.customerEditTest"/>
  <testcase name="login" time="0.394" classname="crm.com.webtest.customerEditTest"/>
</testsuite> <!-- crm.com.webtest.customerEditTest -->
