<?xml version="1.0" encoding="UTF-8"?>
<!-- Generated by org.testng.reporters.JUnitReportReporter -->
<testsuite hostname="DESKTOP-SJR51RF" name="crm.com.webtest.loginTestError" tests="1" failures="0" timestamp="28 Sep 2017 07:00:09 GMT" time="4.320" errors="0">
  <testcase name="loginCaseSix" time="4.320" classname="crm.com.webtest.loginTestError"/>
</testsuite> <!-- crm.com.webtest.loginTestError -->
