<?xml version="1.0" encoding="UTF-8"?>
<!-- Generated by org.testng.reporters.JUnitReportReporter -->
<testsuite hostname="DESKTOP-SJR51RF" name="crm.com.webtest.customerFindTest" tests="2" failures="0" timestamp="14 Oct 2017 10:34:02 GMT" time="6.294" errors="0">
  <testcase name="login" time="0.431" classname="crm.com.webtest.customerFindTest"/>
  <testcase name="FindCaseThree" time="5.863" classname="crm.com.webtest.customerFindTest"/>
</testsuite> <!-- crm.com.webtest.customerFindTest -->
