<?xml version="1.0" encoding="UTF-8"?>
<!-- Generated by org.testng.reporters.JUnitReportReporter -->
<testsuite hostname="DESKTOP-SJR51RF" name="crm.com.webtest.customerTest" tests="5" failures="0" timestamp="14 Oct 2017 10:34:02 GMT" time="38.084" errors="0">
  <testcase name="login" time="0.574" classname="crm.com.webtest.customerTest"/>
  <testcase name="findCustCaseTwo" time="6.689" classname="crm.com.webtest.customerTest"/>
  <testcase name="findCustCaseOne" time="15.115" classname="crm.com.webtest.customerTest"/>
  <testcase name="addCustCaseOne" time="9.198" classname="crm.com.webtest.customerTest"/>
  <testcase name="addCustCaseSix" time="6.508" classname="crm.com.webtest.customerTest"/>
</testsuite> <!-- crm.com.webtest.customerTest -->
